2022.08.06 21:07:10 INFO  tracing is disabled for protocol LSP, to enable tracing of incoming and outgoing JSON messages create an empty file at /home/lmman/Desktop/training-health-tracker-AZdatabricks/.metals/lsp.trace.json or /home/lmman/.cache/metals/lsp.trace.json
2022.08.06 21:07:11 INFO  logging to file /home/lmman/Desktop/training-health-tracker-AZdatabricks/.metals/metals.log
2022.08.06 21:07:11 INFO  Started: Metals version 0.11.7 in workspace '/home/lmman/Desktop/training-health-tracker-AZdatabricks' for client Visual Studio Code 1.70.0.
2022.08.06 21:07:11 WARN  Can't instantiate JavaInteractiveSemanticdb (version: Some(JdkVersion(11)), jdkHome: /usr/lib/jvm/java-11-openjdk-amd64, javac exists: false)
2022.08.06 21:07:11 INFO  time: initialize in 0.29s
2022.08.06 21:07:11 WARN  Flyway upgrade recommended: H2 2.1.214 is newer than this version of Flyway and support has not been tested. The latest supported version of H2 is 2.1.210.
2022.08.06 21:07:11 WARN  Build server is not auto-connectable.
2022.08.06 21:07:11 WARN  no build tool detected in workspace '/home/lmman/Desktop/training-health-tracker-AZdatabricks'. The most common cause for this problem is that the editor was opened in the wrong working directory, for example if you use sbt then the workspace directory should contain build.sbt. 
2022.08.06 21:07:14 WARN  no build target for: /home/lmman/Desktop/training-health-tracker-AZdatabricks/heartbeat_processed/project/main/health_check_ingest.sc
2022.08.06 21:07:18 INFO  tracing is disabled for protocol BSP, to enable tracing of incoming and outgoing JSON messages create an empty file at /home/lmman/Desktop/training-health-tracker-AZdatabricks/.metals/bsp.trace.json or /home/lmman/.cache/metals/bsp.trace.json
2022.08.06 21:07:18 INFO  Ammonite: Starting BSP server

2022.08.06 21:07:19 INFO  Connected to Ammonite Build server v2.5.4
2022.08.06 21:07:19 INFO  no build target found for /home/lmman/Desktop/training-health-tracker-AZdatabricks/heartbeat_processed/project/main/health_check_ingest.sc. Using presentation compiler with project's scala-library version: 3.1.3
2022.08.06 21:07:21 INFO  no build target found for /home/lmman/Desktop/training-health-tracker-AZdatabricks/heartbeat_processed/project/main/health_check_ingest.sc. Using presentation compiler with project's scala-library version: 3.1.3
2022.08.06 21:07:22 INFO  time: code lens generation in 8.02s
2022.08.06 21:07:22 INFO  time: code lens generation in 5.17s
2022.08.06 21:07:27 INFO  Ammonite: Aug 06, 2022 9:07:27 PM org.eclipse.lsp4j.jsonrpc.services.GenericEndpoint request
WARNING: Unsupported request method: buildTarget/javacOptions

2022.08.06 21:07:27 INFO  Java targets not supported by server
2022.08.06 21:07:29 WARN  Could not find java sources in /usr/lib/jvm/src.zip, /usr/lib/jvm/lib/src.zip, /usr/lib/jvm/java-11-openjdk-amd64/src.zip, /usr/lib/jvm/java-11-openjdk-amd64/lib/src.zip. Java symbols will not be available.
2022.08.06 21:07:29 WARN  Could not find java sources in /usr/lib/jvm/src.zip, /usr/lib/jvm/lib/src.zip, /usr/lib/jvm/java-11-openjdk-amd64/src.zip, /usr/lib/jvm/java-11-openjdk-amd64/lib/src.zip. Java symbols will not be available.
2022.08.06 21:07:29 INFO  time: indexed workspace in 2.77s
2022.08.06 21:07:30 INFO  compiling heartbeat_processed/project/main/health_check_ingest.sc
2022.08.06 21:07:32 INFO  time: compiled health_check_ingest.sc in 2.04s
Aug 06, 2022 9:07:45 PM org.eclipse.lsp4j.jsonrpc.RemoteEndpoint handleCancellation
WARNING: Unmatched cancel notification for request id 21
2022.08.06 21:08:06 INFO  compiling heartbeat_processed/project/main/health_check_ingest.sc
Aug 06, 2022 9:08:07 PM org.eclipse.lsp4j.jsonrpc.RemoteEndpoint fallbackResponseError
SEVERE: Internal error: scala.meta.internal.metals.debug.DebugProvider$SemanticDbNotFoundException$: Build misconfiguration. No semanticdb can be found for you file, please check the doctor.
java.util.concurrent.CompletionException: scala.meta.internal.metals.debug.DebugProvider$SemanticDbNotFoundException$: Build misconfiguration. No semanticdb can be found for you file, please check the doctor.
	at java.base/java.util.concurrent.CompletableFuture.encodeThrowable(CompletableFuture.java:331)
	at java.base/java.util.concurrent.CompletableFuture.uniAcceptNow(CompletableFuture.java:743)
	at java.base/java.util.concurrent.CompletableFuture.uniAcceptStage(CompletableFuture.java:731)
	at java.base/java.util.concurrent.CompletableFuture.thenAcceptAsync(CompletableFuture.java:2112)
	at scala.concurrent.java8.FuturesConvertersImpl$CF.thenAccept(FutureConvertersImpl.scala:37)
	at org.eclipse.lsp4j.jsonrpc.RemoteEndpoint.handleRequest(RemoteEndpoint.java:279)
	at org.eclipse.lsp4j.jsonrpc.RemoteEndpoint.consume(RemoteEndpoint.java:190)
	at org.eclipse.lsp4j.jsonrpc.json.StreamMessageProducer.handleMessage(StreamMessageProducer.java:194)
	at org.eclipse.lsp4j.jsonrpc.json.StreamMessageProducer.listen(StreamMessageProducer.java:94)
	at org.eclipse.lsp4j.jsonrpc.json.ConcurrentMessageProcessor.run(ConcurrentMessageProcessor.java:113)
	at java.base/java.util.concurrent.Executors$RunnableAdapter.call(Executors.java:515)
	at java.base/java.util.concurrent.FutureTask.run(FutureTask.java:264)
	at java.base/java.util.concurrent.ThreadPoolExecutor.runWorker(ThreadPoolExecutor.java:1128)
	at java.base/java.util.concurrent.ThreadPoolExecutor$Worker.run(ThreadPoolExecutor.java:628)
	at java.base/java.lang.Thread.run(Thread.java:829)
Caused by: scala.meta.internal.metals.debug.DebugProvider$SemanticDbNotFoundException$: Build misconfiguration. No semanticdb can be found for you file, please check the doctor.
	at scala.meta.internal.metals.debug.DebugProvider$SemanticDbNotFoundException$.<clinit>(DebugProvider.scala:849)
	at scala.meta.internal.metals.debug.DebugProvider.$anonfun$resolveInFile$1(DebugProvider.scala:319)
	at scala.Option.fold(Option.scala:263)
	at scala.meta.internal.metals.debug.DebugProvider.resolveInFile(DebugProvider.scala:320)
	at scala.meta.internal.metals.debug.DebugProvider.debugDiscovery(DebugProvider.scala:404)
	at scala.meta.internal.metals.MetalsLanguageServer.executeCommand(MetalsLanguageServer.scala:1882)
	at java.base/jdk.internal.reflect.NativeMethodAccessorImpl.invoke0(Native Method)
	at java.base/jdk.internal.reflect.NativeMethodAccessorImpl.invoke(NativeMethodAccessorImpl.java:62)
	at java.base/jdk.internal.reflect.DelegatingMethodAccessorImpl.invoke(DelegatingMethodAccessorImpl.java:43)
	at java.base/java.lang.reflect.Method.invoke(Method.java:566)
	at org.eclipse.lsp4j.jsonrpc.services.GenericEndpoint.lambda$null$0(GenericEndpoint.java:65)
	at org.eclipse.lsp4j.jsonrpc.services.GenericEndpoint.request(GenericEndpoint.java:120)
	at org.eclipse.lsp4j.jsonrpc.RemoteEndpoint.handleRequest(RemoteEndpoint.java:261)
	... 9 more

2022.08.06 21:08:08 INFO  time: compiled health_check_ingest.sc in 1.21s
2022.08.06 21:17:22 INFO  shutting down Metals
Aug 06, 2022 9:17:23 PM org.eclipse.lsp4j.jsonrpc.RemoteEndpoint fallbackResponseError
SEVERE: Internal error: java.util.concurrent.ExecutionException: Boxed Exception
java.util.concurrent.CompletionException: java.util.concurrent.ExecutionException: Boxed Exception
	at java.base/java.util.concurrent.CompletableFuture.encodeThrowable(CompletableFuture.java:331)
	at java.base/java.util.concurrent.CompletableFuture.completeThrowable(CompletableFuture.java:346)
	at java.base/java.util.concurrent.CompletableFuture$UniAccept.tryFire(CompletableFuture.java:704)
	at java.base/java.util.concurrent.CompletableFuture.postComplete(CompletableFuture.java:506)
	at java.base/java.util.concurrent.CompletableFuture.completeExceptionally(CompletableFuture.java:2088)
	at scala.concurrent.java8.FuturesConvertersImpl$CF.apply(FutureConvertersImpl.scala:29)
	at scala.concurrent.java8.FuturesConvertersImpl$CF.apply(FutureConvertersImpl.scala:26)
	at scala.concurrent.impl.Promise$Transformation.run(Promise.scala:484)
	at scala.concurrent.ExecutionContext$parasitic$.execute(ExecutionContext.scala:222)
	at scala.concurrent.impl.Promise$Transformation.submitWithValue(Promise.scala:429)
	at scala.concurrent.impl.Promise$DefaultPromise.submitWithValue(Promise.scala:338)
	at scala.concurrent.impl.Promise$DefaultPromise.tryComplete0(Promise.scala:285)
	at scala.concurrent.impl.Promise$Transformation.handleFailure(Promise.scala:444)
	at scala.concurrent.impl.Promise$Transformation.run(Promise.scala:506)
	at java.base/java.util.concurrent.ThreadPoolExecutor.runWorker(ThreadPoolExecutor.java:1128)
	at java.base/java.util.concurrent.ThreadPoolExecutor$Worker.run(ThreadPoolExecutor.java:628)
	at java.base/java.lang.Thread.run(Thread.java:829)
Caused by: java.util.concurrent.ExecutionException: Boxed Exception
	at scala.concurrent.impl.Promise$.scala$concurrent$impl$Promise$$resolve(Promise.scala:99)
	... 5 more
Caused by: java.lang.InterruptedException
	at java.base/java.util.concurrent.locks.AbstractQueuedSynchronizer.doAcquireSharedInterruptibly(AbstractQueuedSynchronizer.java:1040)
	at java.base/java.util.concurrent.locks.AbstractQueuedSynchronizer.acquireSharedInterruptibly(AbstractQueuedSynchronizer.java:1345)
	at coursierapi.shaded.scala.concurrent.impl.Promise$DefaultPromise.tryAwait0(Promise.scala:243)
	at coursierapi.shaded.scala.concurrent.impl.Promise$DefaultPromise.result(Promise.scala:261)
	at coursierapi.shaded.scala.concurrent.Await$.$anonfun$result$1(package.scala:201)
	at coursierapi.shaded.scala.concurrent.BlockContext$DefaultBlockContext$.blockOn(BlockContext.scala:62)
	at coursierapi.shaded.scala.concurrent.Await$.result(package.scala:124)
	at coursierapi.shaded.coursier.Fetch$FetchTaskOps$.eitherResult$extension(Fetch.scala:327)
	at coursierapi.shaded.coursier.internal.api.ApiHelper$.doFetch(ApiHelper.scala:350)
	at coursierapi.shaded.coursier.internal.api.ApiHelper.doFetch(ApiHelper.scala)
	at coursierapi.Fetch.fetchResult(Fetch.java:244)
	at coursierapi.Fetch.fetch(Fetch.java:239)
	at scala.meta.internal.builds.ShellRunner.runJava(ShellRunner.scala:51)
	at scala.meta.internal.builds.NewProjectProvider.createNewProject(NewProjectProvider.scala:107)
	at scala.meta.internal.builds.NewProjectProvider.$anonfun$createNewProjectFromTemplate$5(NewProjectProvider.scala:88)
	at scala.concurrent.impl.Promise$Transformation.run(Promise.scala:470)
	... 3 more

2022.08.06 21:17:33 INFO  tracing is disabled for protocol LSP, to enable tracing of incoming and outgoing JSON messages create an empty file at /home/lmman/Desktop/training-health-tracker-AZdatabricks/.metals/lsp.trace.json or /home/lmman/.cache/metals/lsp.trace.json
2022.08.06 21:17:33 INFO  logging to file /home/lmman/Desktop/training-health-tracker-AZdatabricks/.metals/metals.log
2022.08.06 21:17:33 INFO  Started: Metals version 0.11.7 in workspace '/home/lmman/Desktop/training-health-tracker-AZdatabricks' for client Visual Studio Code 1.70.0.
2022.08.06 21:17:33 WARN  Can't instantiate JavaInteractiveSemanticdb (version: Some(JdkVersion(11)), jdkHome: /usr/lib/jvm/java-11-openjdk-amd64, javac exists: false)
2022.08.06 21:17:34 INFO  time: initialize in 0.29s
2022.08.06 21:17:34 WARN  Flyway upgrade recommended: H2 2.1.214 is newer than this version of Flyway and support has not been tested. The latest supported version of H2 is 2.1.210.
2022.08.06 21:17:34 WARN  Build server is not auto-connectable.
2022.08.06 21:17:34 WARN  no build tool detected in workspace '/home/lmman/Desktop/training-health-tracker-AZdatabricks'. The most common cause for this problem is that the editor was opened in the wrong working directory, for example if you use sbt then the workspace directory should contain build.sbt. 
Aug 06, 2022 9:18:42 PM org.eclipse.lsp4j.jsonrpc.services.GenericEndpoint notify
INFO: Unsupported notification method: $/setTrace
2022.08.06 21:18:47 WARN  no build target for: /home/lmman/Desktop/training-health-tracker-AZdatabricks/.ammonite/scala-2.13.7/amm-2.5.4/heartbeat_processed/project/main/health_check_ingest/src/ammonite/$file/heartbeat_processed/project/main/health_check_ingest.scala
2022.08.06 21:18:50 INFO  no build target found for /home/lmman/Desktop/training-health-tracker-AZdatabricks/.ammonite/scala-2.13.7/amm-2.5.4/heartbeat_processed/project/main/health_check_ingest/src/ammonite/$file/heartbeat_processed/project/main/health_check_ingest.scala. Using presentation compiler with project's scala-library version: 3.1.3
2022.08.06 21:20:06 INFO  
2022.08.06 21:20:06 INFO  Template applied in /home/lmman/Desktop/training-health-tracker-AZdatabricks/heartbeat_processed/./akka-scala-seed
2022.08.06 21:20:06 INFO  
2022.08.06 21:20:06 INFO  time: ran 'giter8.Giter8' in 16s
2022.08.06 21:23:59 WARN  no build target for: /home/lmman/Desktop/training-health-tracker-AZdatabricks/heartbeat_processed/akka-scala-seed/src/main/scala/com/example/AkkaQuickstart.scala
Aug 06, 2022 9:24:51 PM org.eclipse.lsp4j.jsonrpc.RemoteEndpoint handleCancellation
WARNING: Unmatched cancel notification for request id 16
2022.08.06 21:26:35 WARN  no build target for: /home/lmman/Desktop/training-health-tracker-AZdatabricks/heartbeat_processed/akka-scala-seed/project/plugins.sbt
2022.08.06 21:26:41 WARN  no build target for: /home/lmman/Desktop/training-health-tracker-AZdatabricks/heartbeat_processed/akka-scala-seed/src/main/scala/com/example/AkkaQuickstart.scala
2022.08.06 21:28:09 WARN  no build target for: /home/lmman/Desktop/training-health-tracker-AZdatabricks/heartbeat_processed/akka-scala-seed/src/main/scala/com/example/AkkaQuickstart.scala
Aug 06, 2022 9:28:09 PM org.eclipse.lsp4j.jsonrpc.RemoteEndpoint fallbackResponseError
SEVERE: Internal error: scala.meta.internal.metals.debug.BuildTargetNotFoundForPathException: No build target could be found for the path: /home/lmman/Desktop/training-health-tracker-AZdatabricks/heartbeat_processed/akka-scala-seed/src/main/scala/com/example/AkkaQuickstart.scala
java.util.concurrent.CompletionException: scala.meta.internal.metals.debug.BuildTargetNotFoundForPathException: No build target could be found for the path: /home/lmman/Desktop/training-health-tracker-AZdatabricks/heartbeat_processed/akka-scala-seed/src/main/scala/com/example/AkkaQuickstart.scala
	at java.base/java.util.concurrent.CompletableFuture.encodeThrowable(CompletableFuture.java:331)
	at java.base/java.util.concurrent.CompletableFuture.uniAcceptNow(CompletableFuture.java:743)
	at java.base/java.util.concurrent.CompletableFuture.uniAcceptStage(CompletableFuture.java:731)
	at java.base/java.util.concurrent.CompletableFuture.thenAcceptAsync(CompletableFuture.java:2112)
	at scala.concurrent.java8.FuturesConvertersImpl$CF.thenAccept(FutureConvertersImpl.scala:37)
	at org.eclipse.lsp4j.jsonrpc.RemoteEndpoint.handleRequest(RemoteEndpoint.java:279)
	at org.eclipse.lsp4j.jsonrpc.RemoteEndpoint.consume(RemoteEndpoint.java:190)
	at org.eclipse.lsp4j.jsonrpc.json.StreamMessageProducer.handleMessage(StreamMessageProducer.java:194)
	at org.eclipse.lsp4j.jsonrpc.json.StreamMessageProducer.listen(StreamMessageProducer.java:94)
	at org.eclipse.lsp4j.jsonrpc.json.ConcurrentMessageProcessor.run(ConcurrentMessageProcessor.java:113)
	at java.base/java.util.concurrent.Executors$RunnableAdapter.call(Executors.java:515)
	at java.base/java.util.concurrent.FutureTask.run(FutureTask.java:264)
	at java.base/java.util.concurrent.ThreadPoolExecutor.runWorker(ThreadPoolExecutor.java:1128)
	at java.base/java.util.concurrent.ThreadPoolExecutor$Worker.run(ThreadPoolExecutor.java:628)
	at java.base/java.lang.Thread.run(Thread.java:829)
Caused by: scala.meta.internal.metals.debug.BuildTargetNotFoundForPathException: No build target could be found for the path: /home/lmman/Desktop/training-health-tracker-AZdatabricks/heartbeat_processed/akka-scala-seed/src/main/scala/com/example/AkkaQuickstart.scala
	at scala.meta.internal.metals.debug.DebugProvider.debugDiscovery(DebugProvider.scala:398)
	at scala.meta.internal.metals.MetalsLanguageServer.executeCommand(MetalsLanguageServer.scala:1882)
	at java.base/jdk.internal.reflect.NativeMethodAccessorImpl.invoke0(Native Method)
	at java.base/jdk.internal.reflect.NativeMethodAccessorImpl.invoke(NativeMethodAccessorImpl.java:62)
	at java.base/jdk.internal.reflect.DelegatingMethodAccessorImpl.invoke(DelegatingMethodAccessorImpl.java:43)
	at java.base/java.lang.reflect.Method.invoke(Method.java:566)
	at org.eclipse.lsp4j.jsonrpc.services.GenericEndpoint.lambda$null$0(GenericEndpoint.java:65)
	at org.eclipse.lsp4j.jsonrpc.services.GenericEndpoint.request(GenericEndpoint.java:120)
	at org.eclipse.lsp4j.jsonrpc.RemoteEndpoint.handleRequest(RemoteEndpoint.java:261)
	... 9 more

2022.08.06 21:28:43 WARN  no build tool detected in workspace '/home/lmman/Desktop/training-health-tracker-AZdatabricks'. The most common cause for this problem is that the editor was opened in the wrong working directory, for example if you use sbt then the workspace directory should contain build.sbt. 
2022.08.06 21:28:47 WARN  Build server is not auto-connectable.
2022.08.06 21:29:09 WARN  no build tool detected in workspace '/home/lmman/Desktop/training-health-tracker-AZdatabricks'. The most common cause for this problem is that the editor was opened in the wrong working directory, for example if you use sbt then the workspace directory should contain build.sbt. 
2022.08.06 21:29:50 WARN  no build tool detected in workspace '/home/lmman/Desktop/training-health-tracker-AZdatabricks'. The most common cause for this problem is that the editor was opened in the wrong working directory, for example if you use sbt then the workspace directory should contain build.sbt. 
2022.08.06 21:29:51 WARN  no build tool detected in workspace '/home/lmman/Desktop/training-health-tracker-AZdatabricks'. The most common cause for this problem is that the editor was opened in the wrong working directory, for example if you use sbt then the workspace directory should contain build.sbt. 
2022.08.06 21:29:51 WARN  no build tool detected in workspace '/home/lmman/Desktop/training-health-tracker-AZdatabricks'. The most common cause for this problem is that the editor was opened in the wrong working directory, for example if you use sbt then the workspace directory should contain build.sbt. 
2022.08.06 21:29:51 WARN  no build tool detected in workspace '/home/lmman/Desktop/training-health-tracker-AZdatabricks'. The most common cause for this problem is that the editor was opened in the wrong working directory, for example if you use sbt then the workspace directory should contain build.sbt. 
2022.08.06 21:29:52 WARN  no build tool detected in workspace '/home/lmman/Desktop/training-health-tracker-AZdatabricks'. The most common cause for this problem is that the editor was opened in the wrong working directory, for example if you use sbt then the workspace directory should contain build.sbt. 
2022.08.06 21:30:00 WARN  no build tool detected in workspace '/home/lmman/Desktop/training-health-tracker-AZdatabricks'. The most common cause for this problem is that the editor was opened in the wrong working directory, for example if you use sbt then the workspace directory should contain build.sbt. 
2022.08.06 21:30:04 INFO  Attempting to connect to the build server...
2022.08.06 21:30:04 INFO  No build server found
2022.08.06 21:30:04 INFO  time: Connected to build server in 7ms
2022.08.06 21:30:04 WARN  no build target for: /home/lmman/Desktop/training-health-tracker-AZdatabricks/heartbeat_processed/akka-scala-seed/src/main/scala/com/example/AkkaQuickstart.scala
2022.08.06 21:30:09 WARN  Build server is not auto-connectable.
2022.08.06 21:30:13 WARN  no build tool detected in workspace '/home/lmman/Desktop/training-health-tracker-AZdatabricks'. The most common cause for this problem is that the editor was opened in the wrong working directory, for example if you use sbt then the workspace directory should contain build.sbt. 
2022.08.06 21:30:22 INFO  shutting down Metals
2022.08.06 22:09:46 INFO  tracing is disabled for protocol LSP, to enable tracing of incoming and outgoing JSON messages create an empty file at /home/lmman/Desktop/training-health-tracker-AZdatabricks/.metals/lsp.trace.json or /home/lmman/.cache/metals/lsp.trace.json
2022.08.06 22:09:47 INFO  logging to file /home/lmman/Desktop/training-health-tracker-AZdatabricks/.metals/metals.log
2022.08.06 22:09:47 INFO  Started: Metals version 0.11.7 in workspace '/home/lmman/Desktop/training-health-tracker-AZdatabricks' for client Visual Studio Code 1.70.0.
2022.08.06 22:09:47 WARN  Can't instantiate JavaInteractiveSemanticdb (version: Some(JdkVersion(11)), jdkHome: /usr/lib/jvm/java-11-openjdk-amd64, javac exists: false)
2022.08.06 22:09:47 INFO  time: initialize in 0.33s
2022.08.06 22:09:47 WARN  Flyway upgrade recommended: H2 2.1.214 is newer than this version of Flyway and support has not been tested. The latest supported version of H2 is 2.1.210.
2022.08.06 22:09:47 WARN  Build server is not auto-connectable.
2022.08.06 22:09:47 WARN  no build tool detected in workspace '/home/lmman/Desktop/training-health-tracker-AZdatabricks'. The most common cause for this problem is that the editor was opened in the wrong working directory, for example if you use sbt then the workspace directory should contain build.sbt. 
2022.08.06 22:09:50 WARN  no build target for: /home/lmman/Desktop/training-health-tracker-AZdatabricks/heartbeat_processed/akka-scala-seed/src/main/scala/com/example/AkkaQuickstart.scala
2022.08.06 22:09:53 INFO  no build target found for /home/lmman/Desktop/training-health-tracker-AZdatabricks/heartbeat_processed/akka-scala-seed/src/main/scala/com/example/AkkaQuickstart.scala. Using presentation compiler with project's scala-library version: 3.1.3
2022.08.06 22:09:54 INFO  time: code lens generation in 2.55s
2022.08.06 22:09:54 INFO  time: code lens generation in 4.72s
Aug 06, 2022 10:10:01 PM org.eclipse.lsp4j.jsonrpc.services.GenericEndpoint notify
INFO: Unsupported notification method: $/setTrace
2022.08.06 22:10:40 WARN  no build target for: /home/lmman/Desktop/training-health-tracker-AZdatabricks/heartbeat_processed/scala-processed/src/main/scala/com/example/AkkaQuickstart.scala
2022.08.06 22:26:19 INFO  shutting down Metals
